10:05:13.629 [main] INFO  testCases.LoginTestAutoPage - *** Starting Test Case ***
10:14:49.611 [main] INFO  testCases.LoginTestAutoPage - Starting Test Case 01
10:14:52.256 [main] INFO  testCases.LoginTestAutoPage - Clicked on Login button
10:19:59.634 [main] INFO  testCases.LoginTestAutoPage - Starting Test Case 01
10:20:02.107 [main] INFO  testCases.LoginTestAutoPage - Clicked on Login button
10:34:53.876 [TestNG-tests-1] INFO  testCases.LoginTestAutoPage - Starting Test Case 01
10:34:57.603 [TestNG-tests-3] INFO  testCases.LoginTestAutoPage - Starting Test Case 01
10:35:03.134 [TestNG-tests-1] INFO  testCases.LoginTestAutoPage - Clicked on Login button
10:35:25.024 [TestNG-tests-3] INFO  testCases.LoginTestAutoPage - Clicked on Login button
10:53:15.732 [TestNG-tests-1] INFO  testCases.LoginTestAutoPage - Starting Test Case 01
10:53:18.835 [TestNG-tests-3] INFO  testCases.LoginTestAutoPage - Starting Test Case 01
10:53:52.879 [TestNG-tests-3] INFO  testCases.LoginTestAutoPage - Clicked on Login button
10:53:57.989 [TestNG-tests-1] INFO  testCases.LoginTestAutoPage - Clicked on Login button
11:17:29.409 [TestNG-tests-1] INFO  testCases.LoginTestAutoPage - Starting Test Case 01
11:17:32.320 [TestNG-tests-3] INFO  testCases.LoginTestAutoPage - Starting Test Case 01
11:17:40.003 [TestNG-tests-1] INFO  testCases.LoginTestAutoPage - Clicked on Login button
11:18:07.360 [TestNG-tests-3] INFO  testCases.LoginTestAutoPage - Clicked on Login button
11:25:37.894 [TestNG-tests-3] INFO  testCases.LoginTestAutoPage - Starting Test Case 01
11:28:14.241 [main] INFO  testCases.LoginTestAutoPage - Starting Test Case 01
11:28:16.813 [main] INFO  testCases.LoginTestAutoPage - Clicked on Login button
11:30:09.019 [main] INFO  testCases.LoginTestAutoPage - Starting Test Case 01
11:30:11.541 [main] INFO  testCases.LoginTestAutoPage - Clicked on Login button
14:59:36.383 [TestNG-tests-1] INFO  testCases.LoginTestAutoPage - Starting Test Case 01
17:09:28.524 [TestNG-tests-1] INFO  testCases.LoginTestAutoPage - Starting Test Case 01
17:11:39.109 [TestNG-tests-1] INFO  testCases.LoginTestAutoPage - Starting Test Case 01
17:13:03.630 [TestNG-tests-1] INFO  testCases.LoginTestAutoPage - Starting Test Case 01
17:13:06.089 [TestNG-tests-1] INFO  testCases.LoginTestAutoPage - Clicked on Login button
17:15:50.624 [TestNG-tests-1] INFO  testCases.LoginTestAutoPage - Starting Test Case 01
17:15:51.812 [TestNG-tests-2] INFO  testCases.LoginTestAutoPage - Starting Test Case 01
17:15:53.065 [TestNG-tests-1] INFO  testCases.LoginTestAutoPage - Clicked on Login button
17:15:54.488 [TestNG-tests-2] INFO  testCases.LoginTestAutoPage - Clicked on Login button
17:17:00.863 [TestNG-tests-1] INFO  testCases.LoginTestAutoPage - Starting Test Case 01
17:17:02.041 [TestNG-tests-2] INFO  testCases.LoginTestAutoPage - Starting Test Case 01
17:17:03.288 [TestNG-tests-1] INFO  testCases.LoginTestAutoPage - Clicked on Login button
17:17:04.609 [TestNG-tests-2] INFO  testCases.LoginTestAutoPage - Clicked on Login button
17:17:48.866 [main] INFO  testCases.LoginTestAutoPage - Starting Test Case 01
17:17:51.370 [main] INFO  testCases.LoginTestAutoPage - Clicked on Login button
17:18:08.816 [main] INFO  testCases.LoginTestAutoPage - Starting Test Case 01
17:18:11.557 [main] INFO  testCases.LoginTestAutoPage - Clicked on Login button
17:18:15.990 [main] INFO  testCases.LoginTestAutoPage - Starting Test Case 01
17:18:18.584 [main] INFO  testCases.LoginTestAutoPage - Clicked on Login button
17:20:33.112 [main] INFO  testCases.LoginTestAutoPage - Starting Test Case 01
17:20:35.891 [main] INFO  testCases.LoginTestAutoPage - Clicked on Login button
17:21:02.159 [main] INFO  testCases.LoginTestAutoPage - Starting Test Case 01
17:21:06.759 [main] INFO  testCases.LoginTestAutoPage - Clicked on Login button
17:22:12.362 [TestNG-tests-1] INFO  testCases.LoginTestAutoPage - Starting Test Case 01
17:22:13.603 [TestNG-tests-2] INFO  testCases.LoginTestAutoPage - Starting Test Case 01
17:22:14.776 [TestNG-tests-1] INFO  testCases.LoginTestAutoPage - Clicked on Login button
17:22:16.238 [TestNG-tests-2] INFO  testCases.LoginTestAutoPage - Clicked on Login button
17:29:53.012 [TestNG-tests-1] INFO  testCases.LoginTestAutoPage - Starting Test Case 01
17:29:54.507 [TestNG-tests-2] INFO  testCases.LoginTestAutoPage - Starting Test Case 01
17:29:55.648 [TestNG-tests-1] INFO  testCases.LoginTestAutoPage - Clicked on Login button
17:29:57.079 [TestNG-tests-2] INFO  testCases.LoginTestAutoPage - Clicked on Login button
